<?xml version="1.0" encoding="UTF-8"?>
<testng-results ignored="0" total="1" passed="1" failed="0" skipped="0">
  <reporter-output>
  </reporter-output>
  <suite started-at="2022-04-21T17:39:00 IST" name="Default suite" finished-at="2022-04-21T17:39:03 IST" duration-ms="3536">
    <groups>
    </groups>
    <test started-at="2022-04-21T17:39:00 IST" name="Default test" finished-at="2022-04-21T17:39:03 IST" duration-ms="3536">
      <class name="authentications.Oauth2_0">
        <test-method signature="oauthAuthentication()[pri:0, instance:authentications.Oauth2_0@732c2a62]" started-at="2022-04-21T17:39:00 IST" name="oauthAuthentication" finished-at="2022-04-21T17:39:03 IST" duration-ms="3481" status="PASS">
          <reporter-output>
          </reporter-output>
        </test-method> <!-- oauthAuthentication -->
      </class> <!-- authentications.Oauth2_0 -->
    </test> <!-- Default test -->
  </suite> <!-- Default suite -->
</testng-results>
